<?xml version="1.0" encoding="UTF-8"?>
<!-- Generated by org.testng.reporters.JUnitReportReporter -->
<testsuite hostname="Itctesting02" failures="0" tests="1" name="TestNgdemo.Log" time="4.803" errors="0" timestamp="2022-07-10T14:39:57 GMT+05:30" skipped="0">
  <testcase classname="TestNgdemo.Log" name="test" time="4.803"/>
  <system-out/>
</testsuite> <!-- TestNgdemo.Log -->
