<?xml version="1.0" encoding="UTF-8"?>
<!-- Generated by org.testng.reporters.JUnitReportReporter -->
<testsuite hostname="Itctesting02" failures="0" tests="2" name="ReadExcelData.Contactpage" time="7.509" errors="0" timestamp="2022-07-10T14:39:57 GMT+05:30" skipped="0">
  <testcase classname="ReadExcelData.Contactpage" name="test" time="3.854"/>
  <system-out/>
  <testcase classname="ReadExcelData.Contactpage" name="test" time="3.655"/>
  <system-out/>
</testsuite> <!-- ReadExcelData.Contactpage -->
