<?xml version="1.0" encoding="UTF-8"?>
<!-- Generated by org.testng.reporters.JUnitReportReporter -->
<testsuite hostname="Itctesting02" failures="0" tests="3" name="ReadExcelData.LoginPage" time="14.430" errors="0" timestamp="2022-07-10T14:39:57 GMT+05:30" skipped="0">
  <testcase classname="ReadExcelData.LoginPage" name="test" time="4.953"/>
  <system-out/>
  <testcase classname="ReadExcelData.LoginPage" name="test" time="4.781"/>
  <system-out/>
  <testcase classname="ReadExcelData.LoginPage" name="test" time="4.696"/>
  <system-out/>
</testsuite> <!-- ReadExcelData.LoginPage -->
