<?xml version="1.0" encoding="UTF-8"?>
<!-- Generated by org.testng.reporters.JUnitReportReporter -->
<testsuite hostname="Itctesting02" failures="0" tests="2" name="ReadExcelData.RegistrationPage" time="11.558" errors="0" timestamp="2022-07-10T14:39:57 GMT+05:30" skipped="0">
  <testcase classname="ReadExcelData.RegistrationPage" name="registration" time="5.907"/>
  <system-out/>
  <testcase classname="ReadExcelData.RegistrationPage" name="registration" time="5.651"/>
  <system-out/>
</testsuite> <!-- ReadExcelData.RegistrationPage -->
