<?xml version="1.0" encoding="UTF-8"?>
<!-- Generated by org.testng.reporters.JUnitReportReporter -->
<testsuite hostname="Itctesting02" failures="0" tests="2" name="ReadExcelData.LogInv" time="11.561" errors="0" timestamp="2022-07-09T17:36:17 GMT+05:30" skipped="0">
  <testcase classname="ReadExcelData.LogInv" name="reg4" time="4.928"/>
  <system-out/>
  <testcase classname="ReadExcelData.LogInv" name="reg4" time="6.633"/>
  <system-out/>
</testsuite> <!-- ReadExcelData.LogInv -->
