<?xml version="1.0" encoding="UTF-8"?>
<!-- Generated by org.testng.reporters.JUnitReportReporter -->
<testsuite hostname="Itctesting02" failures="0" tests="1" name="TestNgdemo.Contact" time="7.976" errors="0" timestamp="2022-07-10T14:39:57 GMT+05:30" skipped="0">
  <testcase classname="TestNgdemo.Contact" name="test" time="7.976"/>
  <system-out/>
</testsuite> <!-- TestNgdemo.Contact -->
